<?xml version="1.0" encoding="UTF-8"?>
<coverage generated="1781251607">
  <project timestamp="1781251607" name="Clover Coverage">
    <package name="Rector\SwissKnife\Analyzer">
      <file name="/app/src/Analyzer/NeedsFinalizeAnalyzer.php">
        <class name="Rector\SwissKnife\Analyzer\NeedsFinalizeAnalyzer" namespace="Rector\SwissKnife\Analyzer">
          <metrics complexity="2" methods="2" coveredmethods="2" conditionals="0" coveredconditionals="0" statements="7" coveredstatements="7" elements="9" coveredelements="9"/>
        </class>
        <line num="22" type="method" name="__construct" visibility="public" complexity="1" crap="1" count="11"/>
        <line num="26" type="stmt" count="11"/>
        <line num="28" type="stmt" count="11"/>
        <line num="29" type="stmt" count="11"/>
        <line num="31" type="stmt" count="11"/>
        <line num="34" type="method" name="isNeeded" visibility="public" complexity="1" crap="1" count="11"/>
        <line num="36" type="stmt" count="11"/>
        <line num="37" type="stmt" count="11"/>
        <line num="39" type="stmt" count="11"/>
        <metrics loc="42" ncloc="39" classes="1" methods="2" coveredmethods="2" conditionals="0" coveredconditionals="0" statements="7" coveredstatements="7" elements="9" coveredelements="9"/>
      </file>
    </package>
    <package name="Rector\SwissKnife\Command">
      <file name="/app/src/Command/AliceYamlFixturesToPhpCommand.php">
        <class name="Rector\SwissKnife\Command\AliceYamlFixturesToPhpCommand" namespace="Rector\SwissKnife\Command">
          <metrics complexity="7" methods="5" coveredmethods="5" conditionals="0" coveredconditionals="0" statements="23" coveredstatements="23" elements="28" coveredelements="28"/>
        </class>
        <line num="22" type="method" name="__construct" visibility="public" complexity="1" crap="1" count="3"/>
        <line num="25" type="stmt" count="3"/>
        <line num="31" type="method" name="run" visibility="public" complexity="3" crap="3" count="2"/>
        <line num="33" type="stmt" count="2"/>
        <line num="35" type="stmt" count="2"/>
        <line num="38" type="stmt" count="2"/>
        <line num="39" type="stmt" count="2"/>
        <line num="41" type="stmt" count="2"/>
        <line num="42" type="stmt" count="2"/>
        <line num="45" type="stmt" count="2"/>
        <line num="46" type="stmt" count="1"/>
        <line num="48" type="stmt" count="1"/>
        <line num="51" type="stmt" count="2"/>
        <line num="54" type="stmt" count="2"/>
        <line num="56" type="stmt" count="2"/>
        <line num="57" type="stmt" count="2"/>
        <line num="58" type="stmt" count="2"/>
        <line num="61" type="stmt" count="2"/>
        <line num="62" type="stmt" count="2"/>
        <line num="63" type="stmt" count="2"/>
        <line num="65" type="stmt" count="2"/>
        <line num="68" type="method" name="getName" visibility="public" complexity="1" crap="1" count="1"/>
        <line num="70" type="stmt" count="1"/>
        <line num="73" type="method" name="getDescription" visibility="public" complexity="1" crap="1" count="1"/>
        <line num="75" type="stmt" count="1"/>
        <line num="81" type="method" name="createArrayReturn" visibility="private" complexity="1" crap="1" count="2"/>
        <line num="83" type="stmt" count="2"/>
        <line num="85" type="stmt" count="2"/>
        <metrics loc="88" ncloc="75" classes="1" methods="5" coveredmethods="5" conditionals="0" coveredconditionals="0" statements="23" coveredstatements="23" elements="28" coveredelements="28"/>
      </file>
      <file name="/app/src/Command/CheckCommentedCodeCommand.php">
        <class name="Rector\SwissKnife\Command\CheckCommentedCodeCommand" namespace="Rector\SwissKnife\Command">
          <metrics complexity="9" methods="4" coveredmethods="4" conditionals="0" coveredconditionals="0" statements="21" coveredstatements="21" elements="25" coveredelements="25"/>
        </class>
        <line num="17" type="method" name="__construct" visibility="public" complexity="1" crap="1" count="3"/>
        <line num="21" type="stmt" count="3"/>
        <line num="30" type="method" name="run" visibility="public" complexity="6" crap="6" count="2"/>
        <line num="32" type="stmt" count="2"/>
        <line num="34" type="stmt" count="2"/>
        <line num="35" type="stmt" count="2"/>
        <line num="37" type="stmt" count="2"/>
        <line num="38" type="stmt" count="2"/>
        <line num="39" type="stmt" count="2"/>
        <line num="41" type="stmt" count="2"/>
        <line num="42" type="stmt" count="1"/>
        <line num="45" type="stmt" count="1"/>
        <line num="48" type="stmt" count="2"/>
        <line num="49" type="stmt" count="1"/>
        <line num="50" type="stmt" count="1"/>
        <line num="53" type="stmt" count="1"/>
        <line num="54" type="stmt" count="1"/>
        <line num="55" type="stmt" count="1"/>
        <line num="56" type="stmt" count="1"/>
        <line num="60" type="stmt" count="1"/>
        <line num="62" type="stmt" count="1"/>
        <line num="65" type="method" name="getName" visibility="public" complexity="1" crap="1" count="1"/>
        <line num="67" type="stmt" count="1"/>
        <line num="70" type="method" name="getDescription" visibility="public" complexity="1" crap="1" count="1"/>
        <line num="72" type="stmt" count="1"/>
        <metrics loc="75" ncloc="68" classes="1" methods="4" coveredmethods="4" conditionals="0" coveredconditionals="0" statements="21" coveredstatements="21" elements="25" coveredelements="25"/>
      </file>
      <file name="/app/src/Command/CheckConflictsCommand.php">
        <class name="Rector\SwissKnife\Command\CheckConflictsCommand" namespace="Rector\SwissKnife\Command">
          <metrics complexity="7" methods="4" coveredmethods="4" conditionals="0" coveredconditionals="0" statements="16" coveredstatements="16" elements="20" coveredelements="20"/>
        </class>
        <line num="15" type="method" name="__construct" visibility="public" complexity="1" crap="1" count="5"/>
        <line num="19" type="stmt" count="5"/>
        <line num="26" type="method" name="run" visibility="public" complexity="4" crap="4" count="2"/>
        <line num="28" type="stmt" count="2"/>
        <line num="30" type="stmt" count="2"/>
        <line num="31" type="stmt" count="2"/>
        <line num="32" type="stmt" count="2"/>
        <line num="35" type="stmt" count="2"/>
        <line num="36" type="stmt" count="2"/>
        <line num="37" type="stmt" count="1"/>
        <line num="38" type="stmt" count="1"/>
        <line num="40" type="stmt" count="1"/>
        <line num="43" type="stmt" count="1"/>
        <line num="44" type="stmt" count="1"/>
        <line num="45" type="stmt" count="1"/>
        <line num="48" type="stmt" count="1"/>
        <line num="51" type="method" name="getName" visibility="public" complexity="1" crap="1" count="1"/>
        <line num="53" type="stmt" count="1"/>
        <line num="56" type="method" name="getDescription" visibility="public" complexity="1" crap="1" count="1"/>
        <line num="58" type="stmt" count="1"/>
        <metrics loc="61" ncloc="56" classes="1" methods="4" coveredmethods="4" conditionals="0" coveredconditionals="0" statements="16" coveredstatements="16" elements="20" coveredelements="20"/>
      </file>
      <file name="/app/src/Command/DumpEditorconfigCommand.php">
        <class name="Rector\SwissKnife\Command\DumpEditorconfigCommand" namespace="Rector\SwissKnife\Command">
          <metrics complexity="5" methods="4" coveredmethods="4" conditionals="0" coveredconditionals="0" statements="10" coveredstatements="10" elements="14" coveredelements="14"/>
        </class>
        <line num="14" type="method" name="__construct" visibility="public" complexity="1" crap="1" count="3"/>
        <line num="17" type="stmt" count="3"/>
        <line num="19" type="method" name="getName" visibility="public" complexity="1" crap="1" count="1"/>
        <line num="21" type="stmt" count="1"/>
        <line num="24" type="method" name="getDescription" visibility="public" complexity="1" crap="1" count="1"/>
        <line num="26" type="stmt" count="1"/>
        <line num="29" type="method" name="run" visibility="public" complexity="2" crap="2" count="2"/>
        <line num="31" type="stmt" count="2"/>
        <line num="32" type="stmt" count="2"/>
        <line num="33" type="stmt" count="1"/>
        <line num="35" type="stmt" count="1"/>
        <line num="38" type="stmt" count="1"/>
        <line num="40" type="stmt" count="1"/>
        <line num="42" type="stmt" count="1"/>
        <metrics loc="45" ncloc="45" classes="1" methods="4" coveredmethods="4" conditionals="0" coveredconditionals="0" statements="10" coveredstatements="10" elements="14" coveredelements="14"/>
      </file>
      <file name="/app/src/Command/FinalizeClassesCommand.php">
        <class name="Rector\SwissKnife\Command\FinalizeClassesCommand" namespace="Rector\SwissKnife\Command">
          <metrics complexity="17" methods="4" coveredmethods="4" conditionals="0" coveredconditionals="0" statements="58" coveredstatements="58" elements="62" coveredelements="62"/>
        </class>
        <line num="29" type="method" name="__construct" visibility="public" complexity="1" crap="1" count="6"/>
        <line num="37" type="stmt" count="6"/>
        <line num="46" type="method" name="run" visibility="public" complexity="14" crap="14" count="5"/>
        <line num="53" type="stmt" count="5"/>
        <line num="55" type="stmt" count="5"/>
        <line num="57" type="stmt" count="5"/>
        <line num="58" type="stmt" count="5"/>
        <line num="60" type="stmt" count="2"/>
        <line num="62" type="stmt" count="2"/>
        <line num="63" type="stmt" count="2"/>
        <line num="66" type="stmt" count="5"/>
        <line num="67" type="stmt" count="5"/>
        <line num="68" type="stmt" count="3"/>
        <line num="71" type="stmt" count="2"/>
        <line num="72" type="stmt" count="5"/>
        <line num="74" type="stmt" count="5"/>
        <line num="75" type="stmt" count="5"/>
        <line num="77" type="stmt" count="5"/>
        <line num="79" type="stmt" count="5"/>
        <line num="80" type="stmt" count="2"/>
        <line num="83" type="stmt" count="5"/>
        <line num="84" type="stmt" count="5"/>
        <line num="85" type="stmt" count="5"/>
        <line num="86" type="stmt" count="5"/>
        <line num="87" type="stmt" count="5"/>
        <line num="89" type="stmt" count="5"/>
        <line num="90" type="stmt" count="2"/>
        <line num="93" type="stmt" count="5"/>
        <line num="95" type="stmt" count="5"/>
        <line num="97" type="stmt" count="5"/>
        <line num="98" type="stmt" count="5"/>
        <line num="100" type="stmt" count="5"/>
        <line num="102" type="stmt" count="5"/>
        <line num="104" type="stmt" count="5"/>
        <line num="105" type="stmt" count="3"/>
        <line num="108" type="stmt" count="2"/>
        <line num="109" type="stmt" count="2"/>
        <line num="110" type="stmt" count="2"/>
        <line num="111" type="stmt" count="2"/>
        <line num="112" type="stmt" count="2"/>
        <line num="114" type="stmt" count="2"/>
        <line num="116" type="stmt" count="2"/>
        <line num="117" type="stmt" count="1"/>
        <line num="121" type="stmt" count="5"/>
        <line num="122" type="stmt" count="3"/>
        <line num="123" type="stmt" count="3"/>
        <line num="126" type="stmt" count="2"/>
        <line num="128" type="stmt" count="2"/>
        <line num="129" type="stmt" count="2"/>
        <line num="132" type="stmt" count="2"/>
        <line num="133" type="stmt" count="1"/>
        <line num="134" type="stmt" count="1"/>
        <line num="135" type="stmt" count="1"/>
        <line num="136" type="stmt" count="1"/>
        <line num="137" type="stmt" count="1"/>
        <line num="139" type="stmt" count="1"/>
        <line num="142" type="stmt" count="1"/>
        <line num="144" type="stmt" count="1"/>
        <line num="147" type="method" name="getName" visibility="public" complexity="1" crap="1" count="1"/>
        <line num="149" type="stmt" count="1"/>
        <line num="152" type="method" name="getDescription" visibility="public" complexity="1" crap="1" count="1"/>
        <line num="154" type="stmt" count="1"/>
        <metrics loc="157" ncloc="144" classes="1" methods="4" coveredmethods="4" conditionals="0" coveredconditionals="0" statements="58" coveredstatements="58" elements="62" coveredelements="62"/>
      </file>
      <file name="/app/src/Command/FindMultiClassesCommand.php">
        <class name="Rector\SwissKnife\Command\FindMultiClassesCommand" namespace="Rector\SwissKnife\Command">
          <metrics complexity="6" methods="4" coveredmethods="4" conditionals="0" coveredconditionals="0" statements="14" coveredstatements="14" elements="18" coveredelements="18"/>
        </class>
        <line num="16" type="method" name="__construct" visibility="public" complexity="1" crap="1" count="3"/>
        <line num="20" type="stmt" count="3"/>
        <line num="28" type="method" name="run" visibility="public" complexity="3" crap="3" count="2"/>
        <line num="30" type="stmt" count="2"/>
        <line num="32" type="stmt" count="2"/>
        <line num="33" type="stmt" count="2"/>
        <line num="34" type="stmt" count="1"/>
        <line num="36" type="stmt" count="1"/>
        <line num="39" type="stmt" count="1"/>
        <line num="41" type="stmt" count="1"/>
        <line num="43" type="stmt" count="1"/>
        <line num="44" type="stmt" count="1"/>
        <line num="45" type="stmt" count="1"/>
        <line num="48" type="stmt" count="1"/>
        <line num="51" type="method" name="getName" visibility="public" complexity="1" crap="1" count="1"/>
        <line num="53" type="stmt" count="1"/>
        <line num="56" type="method" name="getDescription" visibility="public" complexity="1" crap="1" count="1"/>
        <line num="58" type="stmt" count="1"/>
        <metrics loc="61" ncloc="54" classes="1" methods="4" coveredmethods="4" conditionals="0" coveredconditionals="0" statements="14" coveredstatements="14" elements="18" coveredelements="18"/>
      </file>
      <file name="/app/src/Command/GenerateSymfonyConfigBuildersCommand.php">
        <class name="Rector\SwissKnife\Command\GenerateSymfonyConfigBuildersCommand" namespace="Rector\SwissKnife\Command">
          <metrics complexity="4" methods="4" coveredmethods="4" conditionals="0" coveredconditionals="0" statements="7" coveredstatements="7" elements="11" coveredelements="11"/>
        </class>
        <line num="13" type="method" name="__construct" visibility="public" complexity="1" crap="1" count="2"/>
        <line num="16" type="stmt" count="2"/>
        <line num="18" type="method" name="getName" visibility="public" complexity="1" crap="1" count="1"/>
        <line num="20" type="stmt" count="1"/>
        <line num="23" type="method" name="getDescription" visibility="public" complexity="1" crap="1" count="1"/>
        <line num="25" type="stmt" count="1"/>
        <line num="31" type="method" name="run" visibility="public" complexity="1" crap="1" count="1"/>
        <line num="33" type="stmt" count="1"/>
        <line num="34" type="stmt" count="1"/>
        <line num="35" type="stmt" count="1"/>
        <line num="37" type="stmt" count="1"/>
        <metrics loc="40" ncloc="37" classes="1" methods="4" coveredmethods="4" conditionals="0" coveredconditionals="0" statements="7" coveredstatements="7" elements="11" coveredelements="11"/>
      </file>
      <file name="/app/src/Command/GenerateSymfonySmokeTestsCommand.php">
        <class name="Rector\SwissKnife\Command\GenerateSymfonySmokeTestsCommand" namespace="Rector\SwissKnife\Command">
          <metrics complexity="12" methods="5" coveredmethods="5" conditionals="0" coveredconditionals="0" statements="57" coveredstatements="57" elements="62" coveredelements="62"/>
        </class>
        <line num="20" type="method" name="__construct" visibility="public" complexity="1" crap="1" count="4"/>
        <line num="26" type="stmt" count="4"/>
        <line num="28" type="method" name="getName" visibility="public" complexity="1" crap="1" count="1"/>
        <line num="30" type="stmt" count="1"/>
        <line num="33" type="method" name="getDescription" visibility="public" complexity="1" crap="1" count="1"/>
        <line num="35" type="stmt" count="1"/>
        <line num="41" type="method" name="run" visibility="public" complexity="8" crap="8" count="3"/>
        <line num="43" type="stmt" count="3"/>
        <line num="45" type="stmt" count="3"/>
        <line num="46" type="stmt" count="3"/>
        <line num="48" type="stmt" count="3"/>
        <line num="49" type="stmt" count="3"/>
        <line num="51" type="stmt" count="3"/>
        <line num="52" type="stmt" count="1"/>
        <line num="53" type="stmt" count="1"/>
        <line num="54" type="stmt" count="1"/>
        <line num="56" type="stmt" count="1"/>
        <line num="59" type="stmt" count="2"/>
        <line num="60" type="stmt" count="2"/>
        <line num="61" type="stmt" count="2"/>
        <line num="62" type="stmt" count="2"/>
        <line num="63" type="stmt" count="2"/>
        <line num="64" type="stmt" count="2"/>
        <line num="66" type="stmt" count="2"/>
        <line num="68" type="stmt" count="2"/>
        <line num="69" type="stmt" count="2"/>
        <line num="71" type="stmt" count="2"/>
        <line num="72" type="stmt" count="1"/>
        <line num="73" type="stmt" count="1"/>
        <line num="74" type="stmt" count="1"/>
        <line num="75" type="stmt" count="1"/>
        <line num="78" type="stmt" count="1"/>
        <line num="79" type="stmt" count="1"/>
        <line num="81" type="stmt" count="1"/>
        <line num="83" type="stmt" count="1"/>
        <line num="85" type="stmt" count="1"/>
        <line num="88" type="stmt" count="2"/>
        <line num="89" type="stmt" count="1"/>
        <line num="90" type="stmt" count="1"/>
        <line num="94" type="stmt" count="1"/>
        <line num="95" type="stmt" count="1"/>
        <line num="96" type="stmt" count="1"/>
        <line num="97" type="stmt" count="1"/>
        <line num="98" type="stmt" count="1"/>
        <line num="99" type="stmt" count="1"/>
        <line num="101" type="stmt" count="1"/>
        <line num="104" type="stmt" count="1"/>
        <line num="105" type="stmt" count="1"/>
        <line num="106" type="stmt" count="1"/>
        <line num="107" type="stmt" count="1"/>
        <line num="108" type="stmt" count="1"/>
        <line num="109" type="stmt" count="1"/>
        <line num="111" type="stmt" count="1"/>
        <line num="113" type="stmt" count="1"/>
        <line num="119" type="method" name="resolveProjectRequiredPackageNames" visibility="private" complexity="1" crap="1" count="3"/>
        <line num="122" type="stmt" count="3"/>
        <line num="123" type="stmt" count="3"/>
        <line num="125" type="stmt" count="3"/>
        <line num="127" type="stmt" count="3"/>
        <line num="129" type="stmt" count="3"/>
        <line num="130" type="stmt" count="3"/>
        <line num="132" type="stmt" count="3"/>
        <metrics loc="135" ncloc="127" classes="1" methods="5" coveredmethods="5" conditionals="0" coveredconditionals="0" statements="57" coveredstatements="57" elements="62" coveredelements="62"/>
      </file>
      <file name="/app/src/Command/NamespaceToPSR4Command.php">
        <class name="Rector\SwissKnife\Command\NamespaceToPSR4Command" namespace="Rector\SwissKnife\Command">
          <metrics complexity="10" methods="6" coveredmethods="6" conditionals="0" coveredconditionals="0" statements="41" coveredstatements="41" elements="47" coveredelements="47"/>
        </class>
        <line num="17" type="method" name="__construct" visibility="public" complexity="1" crap="1" count="6"/>
        <line num="20" type="stmt" count="6"/>
        <line num="28" type="method" name="run" visibility="public" complexity="4" crap="4" count="4"/>
        <line num="30" type="stmt" count="4"/>
        <line num="31" type="stmt" count="4"/>
        <line num="33" type="stmt" count="4"/>
        <line num="35" type="stmt" count="4"/>
        <line num="38" type="stmt" count="4"/>
        <line num="39" type="stmt" count="4"/>
        <line num="40" type="stmt" count="4"/>
        <line num="43" type="stmt" count="4"/>
        <line num="44" type="stmt" count="1"/>
        <line num="48" type="stmt" count="3"/>
        <line num="49" type="stmt" count="3"/>
        <line num="50" type="stmt" count="3"/>
        <line num="51" type="stmt" count="3"/>
        <line num="52" type="stmt" count="3"/>
        <line num="53" type="stmt" count="3"/>
        <line num="56" type="stmt" count="3"/>
        <line num="57" type="stmt" count="3"/>
        <line num="58" type="stmt" count="3"/>
        <line num="59" type="stmt" count="3"/>
        <line num="60" type="stmt" count="3"/>
        <line num="63" type="stmt" count="3"/>
        <line num="65" type="stmt" count="3"/>
        <line num="68" type="stmt" count="4"/>
        <line num="69" type="stmt" count="1"/>
        <line num="71" type="stmt" count="3"/>
        <line num="74" type="stmt" count="4"/>
        <line num="77" type="method" name="getName" visibility="public" complexity="1" crap="1" count="1"/>
        <line num="79" type="stmt" count="1"/>
        <line num="82" type="method" name="getDescription" visibility="public" complexity="1" crap="1" count="1"/>
        <line num="84" type="stmt" count="1"/>
        <line num="90" type="method" name="findFilesInPath" visibility="private" complexity="1" crap="1" count="4"/>
        <line num="92" type="stmt" count="4"/>
        <line num="93" type="stmt" count="4"/>
        <line num="94" type="stmt" count="4"/>
        <line num="95" type="stmt" count="4"/>
        <line num="96" type="stmt" count="4"/>
        <line num="97" type="stmt" count="4"/>
        <line num="99" type="stmt" count="4"/>
        <line num="101" type="stmt" count="4"/>
        <line num="104" type="method" name="resolveExpectedNamespace" visibility="private" complexity="2" crap="2" count="4"/>
        <line num="106" type="stmt" count="4"/>
        <line num="107" type="stmt" count="4"/>
        <line num="108" type="stmt" count="2"/>
        <line num="111" type="stmt" count="2"/>
        <metrics loc="114" ncloc="99" classes="1" methods="6" coveredmethods="6" conditionals="0" coveredconditionals="0" statements="41" coveredstatements="41" elements="47" coveredelements="47"/>
      </file>
      <file name="/app/src/Command/PrettyJsonCommand.php">
        <class name="Rector\SwissKnife\Command\PrettyJsonCommand" namespace="Rector\SwissKnife\Command">
          <metrics complexity="10" methods="4" coveredmethods="4" conditionals="0" coveredconditionals="0" statements="31" coveredstatements="31" elements="35" coveredelements="35"/>
        </class>
        <line num="17" type="method" name="__construct" visibility="public" complexity="1" crap="1" count="4"/>
        <line num="21" type="stmt" count="4"/>
        <line num="29" type="method" name="run" visibility="public" complexity="7" crap="7" count="3"/>
        <line num="31" type="stmt" count="3"/>
        <line num="33" type="stmt" count="3"/>
        <line num="34" type="stmt" count="1"/>
        <line num="35" type="stmt" count="1"/>
        <line num="38" type="stmt" count="2"/>
        <line num="39" type="stmt" count="2"/>
        <line num="41" type="stmt" count="2"/>
        <line num="44" type="stmt" count="2"/>
        <line num="45" type="stmt" count="2"/>
        <line num="46" type="stmt" count="2"/>
        <line num="47" type="stmt" count="1"/>
        <line num="48" type="stmt" count="1"/>
        <line num="49" type="stmt" count="1"/>
        <line num="50" type="stmt" count="1"/>
        <line num="54" type="stmt" count="2"/>
        <line num="57" type="stmt" count="2"/>
        <line num="58" type="stmt" count="1"/>
        <line num="61" type="stmt" count="1"/>
        <line num="62" type="stmt" count="1"/>
        <line num="65" type="stmt" count="2"/>
        <line num="66" type="stmt" count="2"/>
        <line num="67" type="stmt" count="2"/>
        <line num="68" type="stmt" count="2"/>
        <line num="69" type="stmt" count="2"/>
        <line num="70" type="stmt" count="2"/>
        <line num="72" type="stmt" count="2"/>
        <line num="73" type="stmt" count="2"/>
        <line num="75" type="stmt" count="2"/>
        <line num="78" type="method" name="getName" visibility="public" complexity="1" crap="1" count="1"/>
        <line num="80" type="stmt" count="1"/>
        <line num="83" type="method" name="getDescription" visibility="public" complexity="1" crap="1" count="1"/>
        <line num="85" type="stmt" count="1"/>
        <metrics loc="88" ncloc="79" classes="1" methods="4" coveredmethods="4" conditionals="0" coveredconditionals="0" statements="31" coveredstatements="31" elements="35" coveredelements="35"/>
      </file>
      <file name="/app/src/Command/PrivatizeConstantsCommand.php">
        <class name="Rector\SwissKnife\Command\PrivatizeConstantsCommand" namespace="Rector\SwissKnife\Command">
          <metrics complexity="17" methods="6" coveredmethods="6" conditionals="0" coveredconditionals="0" statements="73" coveredstatements="73" elements="79" coveredelements="79"/>
        </class>
        <line num="27" type="method" name="__construct" visibility="public" complexity="1" crap="1" count="9"/>
        <line num="35" type="stmt" count="9"/>
        <line num="37" type="method" name="getName" visibility="public" complexity="1" crap="1" count="1"/>
        <line num="39" type="stmt" count="1"/>
        <line num="42" type="method" name="getDescription" visibility="public" complexity="1" crap="1" count="1"/>
        <line num="44" type="stmt" count="1"/>
        <line num="54" type="method" name="run" visibility="public" complexity="5" crap="5" count="7"/>
        <line num="60" type="stmt" count="7"/>
        <line num="61" type="stmt" count="7"/>
        <line num="62" type="stmt" count="1"/>
        <line num="64" type="stmt" count="1"/>
        <line num="67" type="stmt" count="6"/>
        <line num="69" type="stmt" count="6"/>
        <line num="70" type="stmt" count="6"/>
        <line num="72" type="stmt" count="6"/>
        <line num="75" type="stmt" count="6"/>
        <line num="76" type="stmt" count="6"/>
        <line num="78" type="stmt" count="6"/>
        <line num="79" type="stmt" count="6"/>
        <line num="80" type="stmt" count="6"/>
        <line num="81" type="stmt" count="6"/>
        <line num="82" type="stmt" count="6"/>
        <line num="84" type="stmt" count="6"/>
        <line num="85" type="stmt" count="6"/>
        <line num="86" type="stmt" count="6"/>
        <line num="87" type="stmt" count="6"/>
        <line num="88" type="stmt" count="6"/>
        <line num="89" type="stmt" count="6"/>
        <line num="91" type="stmt" count="6"/>
        <line num="93" type="stmt" count="6"/>
        <line num="95" type="stmt" count="6"/>
        <line num="98" type="stmt" count="6"/>
        <line num="99" type="stmt" count="6"/>
        <line num="100" type="stmt" count="6"/>
        <line num="103" type="stmt" count="6"/>
        <line num="104" type="stmt" count="2"/>
        <line num="106" type="stmt" count="2"/>
        <line num="109" type="stmt" count="4"/>
        <line num="112" type="stmt" count="4"/>
        <line num="113" type="stmt" count="3"/>
        <line num="114" type="stmt" count="3"/>
        <line num="115" type="stmt" count="3"/>
        <line num="117" type="stmt" count="3"/>
        <line num="120" type="stmt" count="1"/>
        <line num="121" type="stmt" count="1"/>
        <line num="122" type="stmt" count="1"/>
        <line num="124" type="stmt" count="1"/>
        <line num="130" type="method" name="processFileInfo" visibility="private" complexity="5" crap="5" count="6"/>
        <line num="135" type="stmt" count="6"/>
        <line num="137" type="stmt" count="6"/>
        <line num="138" type="stmt" count="6"/>
        <line num="139" type="stmt" count="3"/>
        <line num="142" type="stmt" count="5"/>
        <line num="143" type="stmt" count="5"/>
        <line num="145" type="stmt" count="1"/>
        <line num="148" type="stmt" count="4"/>
        <line num="150" type="stmt" count="4"/>
        <line num="151" type="stmt" count="3"/>
        <line num="152" type="stmt" count="3"/>
        <line num="153" type="stmt" count="3"/>
        <line num="154" type="stmt" count="3"/>
        <line num="158" type="stmt" count="1"/>
        <line num="159" type="stmt" count="1"/>
        <line num="160" type="stmt" count="1"/>
        <line num="161" type="stmt" count="1"/>
        <line num="162" type="stmt" count="1"/>
        <line num="163" type="stmt" count="1"/>
        <line num="165" type="stmt" count="1"/>
        <line num="166" type="stmt" count="1"/>
        <line num="167" type="stmt" count="1"/>
        <line num="170" type="stmt" count="5"/>
        <line num="176" type="method" name="isClassConstantUsedPublicly" visibility="private" complexity="4" crap="4" count="6"/>
        <line num="178" type="stmt" count="6"/>
        <line num="179" type="stmt" count="5"/>
        <line num="180" type="stmt" count="2"/>
        <line num="184" type="stmt" count="5"/>
        <line num="185" type="stmt" count="3"/>
        <line num="189" type="stmt" count="2"/>
        <line num="192" type="stmt" count="5"/>
        <metrics loc="195" ncloc="175" classes="1" methods="6" coveredmethods="6" conditionals="0" coveredconditionals="0" statements="73" coveredstatements="73" elements="79" coveredelements="79"/>
      </file>
      <file name="/app/src/Command/SearchRegexCommand.php">
        <class name="Rector\SwissKnife\Command\SearchRegexCommand" namespace="Rector\SwissKnife\Command">
          <metrics complexity="8" methods="4" coveredmethods="4" conditionals="0" coveredconditionals="0" statements="31" coveredstatements="31" elements="35" coveredelements="35"/>
        </class>
        <line num="18" type="method" name="__construct" visibility="public" complexity="1" crap="1" count="4"/>
        <line num="22" type="stmt" count="4"/>
        <line num="30" type="method" name="run" visibility="public" complexity="5" crap="5" count="3"/>
        <line num="32" type="stmt" count="3"/>
        <line num="33" type="stmt" count="1"/>
        <line num="36" type="stmt" count="3"/>
        <line num="38" type="stmt" count="3"/>
        <line num="40" type="stmt" count="3"/>
        <line num="41" type="stmt" count="3"/>
        <line num="43" type="stmt" count="3"/>
        <line num="44" type="stmt" count="3"/>
        <line num="46" type="stmt" count="3"/>
        <line num="47" type="stmt" count="3"/>
        <line num="49" type="stmt" count="3"/>
        <line num="50" type="stmt" count="3"/>
        <line num="52" type="stmt" count="3"/>
        <line num="53" type="stmt" count="3"/>
        <line num="54" type="stmt" count="3"/>
        <line num="55" type="stmt" count="3"/>
        <line num="56" type="stmt" count="1"/>
        <line num="59" type="stmt" count="2"/>
        <line num="60" type="stmt" count="2"/>
        <line num="62" type="stmt" count="2"/>
        <line num="65" type="stmt" count="3"/>
        <line num="66" type="stmt" count="3"/>
        <line num="68" type="stmt" count="3"/>
        <line num="69" type="stmt" count="3"/>
        <line num="70" type="stmt" count="2"/>
        <line num="73" type="stmt" count="3"/>
        <line num="74" type="stmt" count="3"/>
        <line num="76" type="stmt" count="3"/>
        <line num="79" type="method" name="getName" visibility="public" complexity="1" crap="1" count="1"/>
        <line num="81" type="stmt" count="1"/>
        <line num="84" type="method" name="getDescription" visibility="public" complexity="1" crap="1" count="1"/>
        <line num="86" type="stmt" count="1"/>
        <metrics loc="89" ncloc="83" classes="1" methods="4" coveredmethods="4" conditionals="0" coveredconditionals="0" statements="31" coveredstatements="31" elements="35" coveredelements="35"/>
      </file>
      <file name="/app/src/Command/SplitSymfonyConfigToPerPackageCommand.php">
        <class name="Rector\SwissKnife\Command\SplitSymfonyConfigToPerPackageCommand" namespace="Rector\SwissKnife\Command">
          <metrics complexity="9" methods="6" coveredmethods="6" conditionals="0" coveredconditionals="0" statements="38" coveredstatements="38" elements="44" coveredelements="44"/>
        </class>
        <line num="28" type="method" name="__construct" visibility="public" complexity="1" crap="1" count="4"/>
        <line num="32" type="stmt" count="4"/>
        <line num="41" type="method" name="run" visibility="public" complexity="4" crap="4" count="3"/>
        <line num="43" type="stmt" count="3"/>
        <line num="44" type="stmt" count="3"/>
        <line num="46" type="stmt" count="3"/>
        <line num="48" type="stmt" count="3"/>
        <line num="50" type="stmt" count="3"/>
        <line num="51" type="stmt" count="1"/>
        <line num="53" type="stmt" count="1"/>
        <line num="56" type="stmt" count="2"/>
        <line num="57" type="stmt" count="2"/>
        <line num="58" type="stmt" count="2"/>
        <line num="59" type="stmt" count="2"/>
        <line num="60" type="stmt" count="1"/>
        <line num="63" type="stmt" count="1"/>
        <line num="64" type="stmt" count="1"/>
        <line num="66" type="stmt" count="1"/>
        <line num="68" type="stmt" count="1"/>
        <line num="72" type="stmt" count="1"/>
        <line num="73" type="stmt" count="1"/>
        <line num="74" type="stmt" count="1"/>
        <line num="77" type="stmt" count="1"/>
        <line num="78" type="stmt" count="1"/>
        <line num="80" type="stmt" count="1"/>
        <line num="83" type="method" name="getName" visibility="public" complexity="1" crap="1" count="1"/>
        <line num="85" type="stmt" count="1"/>
        <line num="88" type="method" name="getDescription" visibility="public" complexity="1" crap="1" count="1"/>
        <line num="90" type="stmt" count="1"/>
        <line num="96" type="method" name="parseFilePathToStmts" visibility="private" complexity="1" crap="1" count="3"/>
        <line num="98" type="stmt" count="3"/>
        <line num="100" type="stmt" count="3"/>
        <line num="101" type="stmt" count="3"/>
        <line num="104" type="stmt" count="3"/>
        <line num="106" type="stmt" count="3"/>
        <line num="107" type="stmt" count="3"/>
        <line num="108" type="stmt" count="3"/>
        <line num="110" type="stmt" count="3"/>
        <line num="117" type="method" name="extractSymfonyExtensionMethodCalls" visibility="private" complexity="1" crap="1" count="3"/>
        <line num="119" type="stmt" count="3"/>
        <line num="121" type="stmt" count="3"/>
        <line num="122" type="stmt" count="3"/>
        <line num="123" type="stmt" count="3"/>
        <line num="125" type="stmt" count="3"/>
        <metrics loc="128" ncloc="112" classes="1" methods="6" coveredmethods="6" conditionals="0" coveredconditionals="0" statements="38" coveredstatements="38" elements="44" coveredelements="44"/>
      </file>
      <file name="/app/src/Command/SpotLazyTraitsCommand.php">
        <class name="Rector\SwissKnife\Command\SpotLazyTraitsCommand" namespace="Rector\SwissKnife\Command">
          <metrics complexity="8" methods="4" coveredmethods="4" conditionals="0" coveredconditionals="0" statements="34" coveredstatements="34" elements="38" coveredelements="38"/>
        </class>
        <line num="14" type="method" name="__construct" visibility="public" complexity="1" crap="1" count="3"/>
        <line num="18" type="stmt" count="3"/>
        <line num="25" type="method" name="run" visibility="public" complexity="5" crap="5" count="2"/>
        <line num="27" type="stmt" count="2"/>
        <line num="28" type="stmt" count="2"/>
        <line num="30" type="stmt" count="2"/>
        <line num="31" type="stmt" count="1"/>
        <line num="33" type="stmt" count="1"/>
        <line num="36" type="stmt" count="1"/>
        <line num="37" type="stmt" count="1"/>
        <line num="38" type="stmt" count="1"/>
        <line num="39" type="stmt" count="1"/>
        <line num="40" type="stmt" count="1"/>
        <line num="41" type="stmt" count="1"/>
        <line num="42" type="stmt" count="1"/>
        <line num="43" type="stmt" count="1"/>
        <line num="45" type="stmt" count="1"/>
        <line num="47" type="stmt" count="1"/>
        <line num="49" type="stmt" count="1"/>
        <line num="51" type="stmt" count="1"/>
        <line num="52" type="stmt" count="1"/>
        <line num="53" type="stmt" count="1"/>
        <line num="54" type="stmt" count="1"/>
        <line num="55" type="stmt" count="1"/>
        <line num="56" type="stmt" count="1"/>
        <line num="57" type="stmt" count="1"/>
        <line num="58" type="stmt" count="1"/>
        <line num="60" type="stmt" count="1"/>
        <line num="61" type="stmt" count="1"/>
        <line num="64" type="stmt" count="1"/>
        <line num="65" type="stmt" count="1"/>
        <line num="66" type="stmt" count="1"/>
        <line num="67" type="stmt" count="1"/>
        <line num="69" type="stmt" count="1"/>
        <line num="72" type="method" name="getName" visibility="public" complexity="1" crap="1" count="1"/>
        <line num="74" type="stmt" count="1"/>
        <line num="77" type="method" name="getDescription" visibility="public" complexity="1" crap="1" count="1"/>
        <line num="79" type="stmt" count="1"/>
        <metrics loc="82" ncloc="77" classes="1" methods="4" coveredmethods="4" conditionals="0" coveredconditionals="0" statements="34" coveredstatements="34" elements="38" coveredelements="38"/>
      </file>
    </package>
    <package name="Rector\SwissKnife\Comments">
      <file name="/app/src/Comments/CommentedCodeAnalyzer.php">
        <class name="Rector\SwissKnife\Comments\CommentedCodeAnalyzer" namespace="Rector\SwissKnife\Comments">
          <metrics complexity="4" methods="1" coveredmethods="1" conditionals="0" coveredconditionals="0" statements="11" coveredstatements="11" elements="12" coveredelements="12"/>
        </class>
        <line num="24" type="method" name="process" visibility="public" complexity="4" crap="4" count="3"/>
        <line num="26" type="stmt" count="3"/>
        <line num="28" type="stmt" count="3"/>
        <line num="30" type="stmt" count="3"/>
        <line num="32" type="stmt" count="3"/>
        <line num="33" type="stmt" count="3"/>
        <line num="34" type="stmt" count="3"/>
        <line num="35" type="stmt" count="2"/>
        <line num="38" type="stmt" count="3"/>
        <line num="39" type="stmt" count="2"/>
        <line num="43" type="stmt" count="3"/>
        <line num="47" type="stmt" count="3"/>
        <metrics loc="50" ncloc="38" classes="1" methods="1" coveredmethods="1" conditionals="0" coveredconditionals="0" statements="11" coveredstatements="11" elements="12" coveredelements="12"/>
      </file>
    </package>
    <file name="/app/src/Contract/ClassConstantFetchInterface.php">
      <metrics loc="17" ncloc="17" classes="0" methods="0" coveredmethods="0" conditionals="0" coveredconditionals="0" statements="0" coveredstatements="0" elements="0" coveredelements="0"/>
    </file>
    <package name="Rector\SwissKnife\DependencyInjection">
      <file name="/app/src/DependencyInjection/ContainerFactory.php">
        <class name="Rector\SwissKnife\DependencyInjection\ContainerFactory" namespace="Rector\SwissKnife\DependencyInjection">
          <metrics complexity="1" methods="1" coveredmethods="1" conditionals="0" coveredconditionals="0" statements="8" coveredstatements="8" elements="9" coveredelements="9"/>
        </class>
        <line num="16" type="method" name="create" visibility="public" complexity="1" crap="1" count="110"/>
        <line num="18" type="stmt" count="110"/>
        <line num="20" type="stmt" count="110"/>
        <line num="21" type="stmt" count="110"/>
        <line num="23" type="stmt" count="110"/>
        <line num="24" type="stmt" count="37"/>
        <line num="25" type="stmt" count="37"/>
        <line num="26" type="stmt" count="110"/>
        <line num="28" type="stmt" count="110"/>
        <metrics loc="31" ncloc="28" classes="1" methods="1" coveredmethods="1" conditionals="0" coveredconditionals="0" statements="8" coveredstatements="8" elements="9" coveredelements="9"/>
      </file>
    </package>
    <package name="Rector\SwissKnife">
      <file name="/app/src/EntityClassResolver.php">
        <class name="Rector\SwissKnife\EntityClassResolver" namespace="Rector\SwissKnife">
          <metrics complexity="8" methods="4" coveredmethods="4" conditionals="0" coveredconditionals="0" statements="24" coveredstatements="24" elements="28" coveredelements="28"/>
        </class>
        <line num="27" type="method" name="__construct" visibility="public" complexity="1" crap="1" count="8"/>
        <line num="30" type="stmt" count="8"/>
        <line num="36" type="method" name="resolve" visibility="public" complexity="1" crap="1" count="7"/>
        <line num="38" type="stmt" count="7"/>
        <line num="39" type="stmt" count="7"/>
        <line num="42" type="stmt" count="7"/>
        <line num="45" type="stmt" count="7"/>
        <line num="46" type="stmt" count="7"/>
        <line num="48" type="stmt" count="7"/>
        <line num="49" type="stmt" count="7"/>
        <line num="51" type="stmt" count="7"/>
        <line num="53" type="stmt" count="7"/>
        <line num="54" type="stmt" count="7"/>
        <line num="56" type="stmt" count="7"/>
        <line num="62" type="method" name="traverseFileInfos" visibility="private" complexity="3" crap="3" count="7"/>
        <line num="67" type="stmt" count="7"/>
        <line num="68" type="stmt" count="7"/>
        <line num="70" type="stmt" count="7"/>
        <line num="72" type="stmt" count="7"/>
        <line num="73" type="stmt" count="7"/>
        <line num="82" type="method" name="resolveYamlEntityClassNames" visibility="private" complexity="3" crap="3" count="7"/>
        <line num="84" type="stmt" count="7"/>
        <line num="86" type="stmt" count="7"/>
        <line num="89" type="stmt" count="7"/>
        <line num="90" type="stmt" count="1"/>
        <line num="92" type="stmt" count="1"/>
        <line num="93" type="stmt" count="1"/>
        <line num="97" type="stmt" count="7"/>
        <metrics loc="100" ncloc="80" classes="1" methods="4" coveredmethods="4" conditionals="0" coveredconditionals="0" statements="24" coveredstatements="24" elements="28" coveredelements="28"/>
      </file>
      <file name="/app/src/MockedClassResolver.php">
        <class name="Rector\SwissKnife\MockedClassResolver" namespace="Rector\SwissKnife">
          <metrics complexity="5" methods="3" coveredmethods="3" conditionals="0" coveredconditionals="0" statements="15" coveredstatements="15" elements="18" coveredelements="18"/>
        </class>
        <line num="17" type="method" name="__construct" visibility="public" complexity="1" crap="1" count="7"/>
        <line num="20" type="stmt" count="7"/>
        <line num="26" type="method" name="resolve" visibility="public" complexity="1" crap="1" count="3"/>
        <line num="28" type="stmt" count="3"/>
        <line num="29" type="stmt" count="3"/>
        <line num="31" type="stmt" count="3"/>
        <line num="32" type="stmt" count="3"/>
        <line num="34" type="stmt" count="3"/>
        <line num="35" type="stmt" count="3"/>
        <line num="37" type="stmt" count="3"/>
        <line num="38" type="stmt" count="3"/>
        <line num="40" type="stmt" count="3"/>
        <line num="46" type="method" name="traverseFileInfos" visibility="private" complexity="3" crap="3" count="3"/>
        <line num="51" type="stmt" count="3"/>
        <line num="52" type="stmt" count="3"/>
        <line num="54" type="stmt" count="3"/>
        <line num="56" type="stmt" count="3"/>
        <line num="57" type="stmt" count="3"/>
        <metrics loc="62" ncloc="55" classes="1" methods="3" coveredmethods="3" conditionals="0" coveredconditionals="0" statements="15" coveredstatements="15" elements="18" coveredelements="18"/>
      </file>
      <file name="/app/src/ParentClassResolver.php">
        <class name="Rector\SwissKnife\ParentClassResolver" namespace="Rector\SwissKnife">
          <metrics complexity="4" methods="3" coveredmethods="3" conditionals="0" coveredconditionals="0" statements="9" coveredstatements="9" elements="12" coveredelements="12"/>
        </class>
        <line num="15" type="method" name="__construct" visibility="public" complexity="1" crap="1" count="7"/>
        <line num="18" type="stmt" count="7"/>
        <line num="24" type="method" name="resolve" visibility="public" complexity="1" crap="1" count="6"/>
        <line num="26" type="stmt" count="6"/>
        <line num="27" type="stmt" count="6"/>
        <line num="29" type="stmt" count="6"/>
        <line num="31" type="stmt" count="6"/>
        <line num="37" type="method" name="traverseFileInfos" visibility="private" complexity="2" crap="2" count="6"/>
        <line num="42" type="stmt" count="6"/>
        <line num="43" type="stmt" count="6"/>
        <line num="45" type="stmt" count="6"/>
        <line num="46" type="stmt" count="6"/>
        <metrics loc="50" ncloc="43" classes="1" methods="3" coveredmethods="3" conditionals="0" coveredconditionals="0" statements="9" coveredstatements="9" elements="12" coveredelements="12"/>
      </file>
    </package>
    <package name="Rector\SwissKnife\Enum">
      <file name="/app/src/Enum/StaticAccessor.php">
        <class name="Rector\SwissKnife\Enum\StaticAccessor" namespace="Rector\SwissKnife\Enum">
          <metrics complexity="0" methods="0" coveredmethods="0" conditionals="0" coveredconditionals="0" statements="0" coveredstatements="0" elements="0" coveredelements="0"/>
        </class>
        <metrics loc="13" ncloc="13" classes="0" methods="0" coveredmethods="0" conditionals="0" coveredconditionals="0" statements="0" coveredstatements="0" elements="0" coveredelements="0"/>
      </file>
      <file name="/app/src/Enum/SymfonyClass.php">
        <class name="Rector\SwissKnife\Enum\SymfonyClass" namespace="Rector\SwissKnife\Enum">
          <metrics complexity="0" methods="0" coveredmethods="0" conditionals="0" coveredconditionals="0" statements="0" coveredstatements="0" elements="0" coveredelements="0"/>
        </class>
        <metrics loc="13" ncloc="13" classes="0" methods="0" coveredmethods="0" conditionals="0" coveredconditionals="0" statements="0" coveredstatements="0" elements="0" coveredelements="0"/>
      </file>
    </package>
    <package name="Rector\SwissKnife\Exception">
      <file name="/app/src/Exception/NotImplementedYetException.php">
        <class name="Rector\SwissKnife\Exception\NotImplementedYetException" namespace="Rector\SwissKnife\Exception">
          <metrics complexity="0" methods="0" coveredmethods="0" conditionals="0" coveredconditionals="0" statements="0" coveredstatements="0" elements="0" coveredelements="0"/>
        </class>
        <metrics loc="12" ncloc="12" classes="0" methods="0" coveredmethods="0" conditionals="0" coveredconditionals="0" statements="0" coveredstatements="0" elements="0" coveredelements="0"/>
      </file>
      <file name="/app/src/Exception/ShouldNotHappenException.php">
        <class name="Rector\SwissKnife\Exception\ShouldNotHappenException" namespace="Rector\SwissKnife\Exception">
          <metrics complexity="0" methods="0" coveredmethods="0" conditionals="0" coveredconditionals="0" statements="0" coveredstatements="0" elements="0" coveredelements="0"/>
        </class>
        <metrics loc="12" ncloc="12" classes="0" methods="0" coveredmethods="0" conditionals="0" coveredconditionals="0" statements="0" coveredstatements="0" elements="0" coveredelements="0"/>
      </file>
    </package>
    <package name="Rector\SwissKnife\FileSystem">
      <file name="/app/src/FileSystem/JsonAnalyzer.php">
        <class name="Rector\SwissKnife\FileSystem\JsonAnalyzer" namespace="Rector\SwissKnife\FileSystem">
          <metrics complexity="1" methods="1" coveredmethods="1" conditionals="0" coveredconditionals="0" statements="2" coveredstatements="2" elements="3" coveredelements="3"/>
        </class>
        <line num="9" type="method" name="isPrettyPrinted" visibility="public" complexity="1" crap="1" count="3"/>
        <line num="11" type="stmt" count="3"/>
        <line num="12" type="stmt" count="3"/>
        <metrics loc="15" ncloc="15" classes="1" methods="1" coveredmethods="1" conditionals="0" coveredconditionals="0" statements="2" coveredstatements="2" elements="3" coveredelements="3"/>
      </file>
      <file name="/app/src/FileSystem/PathHelper.php">
        <class name="Rector\SwissKnife\FileSystem\PathHelper" namespace="Rector\SwissKnife\FileSystem">
          <metrics complexity="2" methods="2" coveredmethods="2" conditionals="0" coveredconditionals="0" statements="3" coveredstatements="3" elements="5" coveredelements="5"/>
        </class>
        <line num="9" type="method" name="relativeToCwd" visibility="public" complexity="1" crap="1" count="6"/>
        <line num="11" type="stmt" count="6"/>
        <line num="14" type="stmt" count="6"/>
        <line num="17" type="method" name="normalize" visibility="private" complexity="1" crap="1" count="6"/>
        <line num="19" type="stmt" count="6"/>
        <metrics loc="22" ncloc="21" classes="1" methods="2" coveredmethods="2" conditionals="0" coveredconditionals="0" statements="3" coveredstatements="3" elements="5" coveredelements="5"/>
      </file>
    </package>
    <package name="Rector\SwissKnife\Finder">
      <file name="/app/src/Finder/FilesFinder.php">
        <class name="Rector\SwissKnife\Finder\FilesFinder" namespace="Rector\SwissKnife\Finder">
          <metrics complexity="14" methods="4" coveredmethods="4" conditionals="0" coveredconditionals="0" statements="54" coveredstatements="54" elements="58" coveredelements="58"/>
        </class>
        <line num="18" type="method" name="find" visibility="public" complexity="7" crap="7" count="5"/>
        <line num="20" type="stmt" count="5"/>
        <line num="21" type="stmt" count="5"/>
        <line num="22" type="stmt" count="5"/>
        <line num="25" type="stmt" count="5"/>
        <line num="26" type="stmt" count="5"/>
        <line num="27" type="stmt" count="5"/>
        <line num="28" type="stmt" count="5"/>
        <line num="29" type="stmt" count="5"/>
        <line num="30" type="stmt" count="5"/>
        <line num="31" type="stmt" count="5"/>
        <line num="32" type="stmt" count="5"/>
        <line num="34" type="stmt" count="5"/>
        <line num="35" type="stmt" count="2"/>
        <line num="38" type="stmt" count="2"/>
        <line num="39" type="stmt" count="2"/>
        <line num="41" type="stmt" count="2"/>
        <line num="42" type="stmt" count="2"/>
        <line num="43" type="stmt" count="1"/>
        <line num="46" type="stmt" count="2"/>
        <line num="47" type="stmt" count="1"/>
        <line num="51" type="stmt" count="2"/>
        <line num="52" type="stmt" count="2"/>
        <line num="55" type="stmt" count="5"/>
        <line num="62" type="method" name="findTwigFiles" visibility="public" complexity="1" crap="1" count="8"/>
        <line num="64" type="stmt" count="8"/>
        <line num="65" type="stmt" count="8"/>
        <line num="67" type="stmt" count="8"/>
        <line num="68" type="stmt" count="8"/>
        <line num="69" type="stmt" count="8"/>
        <line num="70" type="stmt" count="8"/>
        <line num="71" type="stmt" count="8"/>
        <line num="73" type="stmt" count="8"/>
        <line num="80" type="method" name="findJsonFiles" visibility="public" complexity="5" crap="5" count="4"/>
        <line num="82" type="stmt" count="4"/>
        <line num="83" type="stmt" count="4"/>
        <line num="85" type="stmt" count="4"/>
        <line num="86" type="stmt" count="4"/>
        <line num="87" type="stmt" count="2"/>
        <line num="89" type="stmt" count="2"/>
        <line num="93" type="stmt" count="4"/>
        <line num="94" type="stmt" count="2"/>
        <line num="95" type="stmt" count="2"/>
        <line num="96" type="stmt" count="2"/>
        <line num="97" type="stmt" count="2"/>
        <line num="98" type="stmt" count="2"/>
        <line num="100" type="stmt" count="2"/>
        <line num="101" type="stmt" count="1"/>
        <line num="105" type="stmt" count="4"/>
        <line num="112" type="method" name="findYamlFiles" visibility="public" complexity="1" crap="1" count="17"/>
        <line num="114" type="stmt" count="17"/>
        <line num="115" type="stmt" count="17"/>
        <line num="117" type="stmt" count="17"/>
        <line num="118" type="stmt" count="17"/>
        <line num="119" type="stmt" count="17"/>
        <line num="120" type="stmt" count="17"/>
        <line num="121" type="stmt" count="17"/>
        <line num="123" type="stmt" count="17"/>
        <metrics loc="126" ncloc="108" classes="1" methods="4" coveredmethods="4" conditionals="0" coveredconditionals="0" statements="54" coveredstatements="54" elements="58" coveredelements="58"/>
      </file>
      <file name="/app/src/Finder/MultipleClassInOneFileFinder.php">
        <class name="Rector\SwissKnife\Finder\MultipleClassInOneFileFinder" namespace="Rector\SwissKnife\Finder">
          <metrics complexity="3" methods="2" coveredmethods="2" conditionals="0" coveredconditionals="0" statements="6" coveredstatements="6" elements="8" coveredelements="8"/>
        </class>
        <line num="11" type="method" name="__construct" visibility="public" complexity="1" crap="1" count="4"/>
        <line num="14" type="stmt" count="4"/>
        <line num="21" type="method" name="findInDirectories" visibility="public" complexity="2" crap="2" count="3"/>
        <line num="23" type="stmt" count="3"/>
        <line num="25" type="stmt" count="3"/>
        <line num="26" type="stmt" count="3"/>
        <line num="27" type="stmt" count="3"/>
        <line num="30" type="stmt" count="3"/>
        <metrics loc="33" ncloc="28" classes="1" methods="2" coveredmethods="2" conditionals="0" coveredconditionals="0" statements="6" coveredstatements="6" elements="8" coveredelements="8"/>
      </file>
      <file name="/app/src/Finder/PhpFilesFinder.php">
        <class name="Rector\SwissKnife\Finder\PhpFilesFinder" namespace="Rector\SwissKnife\Finder">
          <metrics complexity="8" methods="2" coveredmethods="2" conditionals="0" coveredconditionals="0" statements="28" coveredstatements="28" elements="30" coveredelements="30"/>
        </class>
        <line num="19" type="method" name="find" visibility="public" complexity="1" crap="1" count="32"/>
        <line num="21" type="stmt" count="32"/>
        <line num="23" type="stmt" count="32"/>
        <line num="30" type="method" name="createFinderForPathsAndExcludedPaths" visibility="private" complexity="7" crap="7" count="32"/>
        <line num="32" type="stmt" count="32"/>
        <line num="33" type="stmt" count="32"/>
        <line num="35" type="stmt" count="32"/>
        <line num="36" type="stmt" count="32"/>
        <line num="37" type="stmt" count="32"/>
        <line num="38" type="stmt" count="3"/>
        <line num="39" type="stmt" count="1"/>
        <line num="43" type="stmt" count="32"/>
        <line num="45" type="stmt" count="32"/>
        <line num="46" type="stmt" count="32"/>
        <line num="47" type="stmt" count="32"/>
        <line num="48" type="stmt" count="32"/>
        <line num="49" type="stmt" count="32"/>
        <line num="50" type="stmt" count="32"/>
        <line num="51" type="stmt" count="32"/>
        <line num="52" type="stmt" count="32"/>
        <line num="53" type="stmt" count="32"/>
        <line num="54" type="stmt" count="32"/>
        <line num="55" type="stmt" count="31"/>
        <line num="56" type="stmt" count="3"/>
        <line num="57" type="stmt" count="3"/>
        <line num="58" type="stmt" count="1"/>
        <line num="61" type="stmt" count="3"/>
        <line num="62" type="stmt" count="2"/>
        <line num="66" type="stmt" count="31"/>
        <line num="67" type="stmt" count="32"/>
        <metrics loc="70" ncloc="60" classes="1" methods="2" coveredmethods="2" conditionals="0" coveredconditionals="0" statements="28" coveredstatements="28" elements="30" coveredelements="30"/>
      </file>
      <file name="/app/src/Finder/TraitFilesFinder.php">
        <class name="Rector\SwissKnife\Finder\TraitFilesFinder" namespace="Rector\SwissKnife\Finder">
          <metrics complexity="2" methods="2" coveredmethods="2" conditionals="0" coveredconditionals="0" statements="24" coveredstatements="24" elements="26" coveredelements="26"/>
        </class>
        <line num="18" type="method" name="findTraitUsages" visibility="public" complexity="1" crap="1" count="4"/>
        <line num="20" type="stmt" count="4"/>
        <line num="22" type="stmt" count="4"/>
        <line num="23" type="stmt" count="4"/>
        <line num="24" type="stmt" count="4"/>
        <line num="25" type="stmt" count="4"/>
        <line num="26" type="stmt" count="4"/>
        <line num="27" type="stmt" count="4"/>
        <line num="28" type="stmt" count="3"/>
        <line num="29" type="stmt" count="3"/>
        <line num="30" type="stmt" count="4"/>
        <line num="32" type="stmt" count="4"/>
        <line num="39" type="method" name="find" visibility="public" complexity="1" crap="1" count="4"/>
        <line num="41" type="stmt" count="4"/>
        <line num="43" type="stmt" count="4"/>
        <line num="44" type="stmt" count="4"/>
        <line num="45" type="stmt" count="4"/>
        <line num="46" type="stmt" count="4"/>
        <line num="47" type="stmt" count="4"/>
        <line num="48" type="stmt" count="4"/>
        <line num="49" type="stmt" count="4"/>
        <line num="50" type="stmt" count="4"/>
        <line num="51" type="stmt" count="3"/>
        <line num="52" type="stmt" count="3"/>
        <line num="53" type="stmt" count="4"/>
        <line num="55" type="stmt" count="4"/>
        <metrics loc="58" ncloc="50" classes="1" methods="2" coveredmethods="2" conditionals="0" coveredconditionals="0" statements="24" coveredstatements="24" elements="26" coveredelements="26"/>
      </file>
    </package>
    <package name="Rector\SwissKnife\Git">
      <file name="/app/src/Git/ConflictResolver.php">
        <class name="Rector\SwissKnife\Git\ConflictResolver" namespace="Rector\SwissKnife\Git">
          <metrics complexity="5" methods="2" coveredmethods="2" conditionals="0" coveredconditionals="0" statements="12" coveredstatements="12" elements="14" coveredelements="14"/>
        </class>
        <line num="23" type="method" name="extractFromFileInfo" visibility="public" complexity="1" crap="1" count="8"/>
        <line num="25" type="stmt" count="8"/>
        <line num="26" type="stmt" count="8"/>
        <line num="28" type="stmt" count="8"/>
        <line num="35" type="method" name="extractFromFileInfos" visibility="public" complexity="4" crap="4" count="4"/>
        <line num="37" type="stmt" count="4"/>
        <line num="39" type="stmt" count="4"/>
        <line num="40" type="stmt" count="4"/>
        <line num="41" type="stmt" count="4"/>
        <line num="42" type="stmt" count="2"/>
        <line num="46" type="stmt" count="2"/>
        <line num="47" type="stmt" count="1"/>
        <line num="50" type="stmt" count="2"/>
        <line num="53" type="stmt" count="4"/>
        <metrics loc="56" ncloc="42" classes="1" methods="2" coveredmethods="2" conditionals="0" coveredconditionals="0" statements="12" coveredstatements="12" elements="14" coveredelements="14"/>
      </file>
    </package>
    <package name="Rector\SwissKnife\PhpParser">
      <file name="/app/src/PhpParser/CachedPhpParser.php">
        <class name="Rector\SwissKnife\PhpParser\CachedPhpParser" namespace="Rector\SwissKnife\PhpParser">
          <metrics complexity="5" methods="2" coveredmethods="2" conditionals="0" coveredconditionals="0" statements="16" coveredstatements="16" elements="18" coveredelements="18"/>
        </class>
        <line num="24" type="method" name="__construct" visibility="public" complexity="1" crap="1" count="36"/>
        <line num="27" type="stmt" count="36"/>
        <line num="32" type="method" name="parseFile" visibility="public" complexity="4" crap="4" count="32"/>
        <line num="34" type="stmt" count="32"/>
        <line num="35" type="stmt" count="12"/>
        <line num="38" type="stmt" count="32"/>
        <line num="40" type="stmt" count="32"/>
        <line num="41" type="stmt" count="2"/>
        <line num="42" type="stmt" count="2"/>
        <line num="43" type="stmt" count="2"/>
        <line num="44" type="stmt" count="2"/>
        <line num="45" type="stmt" count="2"/>
        <line num="46" type="stmt" count="2"/>
        <line num="49" type="stmt" count="30"/>
        <line num="50" type="stmt" count="30"/>
        <line num="51" type="stmt" count="30"/>
        <line num="54" type="stmt" count="30"/>
        <line num="56" type="stmt" count="30"/>
        <metrics loc="59" ncloc="50" classes="1" methods="2" coveredmethods="2" conditionals="0" coveredconditionals="0" statements="16" coveredstatements="16" elements="18" coveredelements="18"/>
      </file>
      <file name="/app/src/PhpParser/NodeTraverserFactory.php">
        <class name="Rector\SwissKnife\PhpParser\NodeTraverserFactory" namespace="Rector\SwissKnife\PhpParser">
          <metrics complexity="1" methods="1" coveredmethods="1" conditionals="0" coveredconditionals="0" statements="3" coveredstatements="3" elements="4" coveredelements="4"/>
        </class>
        <line num="15" type="method" name="create" visibility="public" complexity="1" crap="1" count="34"/>
        <line num="17" type="stmt" count="34"/>
        <line num="18" type="stmt" count="34"/>
        <line num="20" type="stmt" count="34"/>
        <metrics loc="23" ncloc="20" classes="1" methods="1" coveredmethods="1" conditionals="0" coveredconditionals="0" statements="3" coveredstatements="3" elements="4" coveredelements="4"/>
      </file>
    </package>
    <package name="Rector\SwissKnife\PhpParser\Finder">
      <file name="/app/src/PhpParser/Finder/ClassConstFinder.php">
        <class name="Rector\SwissKnife\PhpParser\Finder\ClassConstFinder" namespace="Rector\SwissKnife\PhpParser\Finder">
          <metrics complexity="2" methods="2" coveredmethods="2" conditionals="0" coveredconditionals="0" statements="6" coveredstatements="6" elements="8" coveredelements="8"/>
        </class>
        <line num="17" type="method" name="__construct" visibility="public" complexity="1" crap="1" count="12"/>
        <line num="20" type="stmt" count="12"/>
        <line num="25" type="method" name="find" visibility="public" complexity="1" crap="1" count="9"/>
        <line num="27" type="stmt" count="9"/>
        <line num="28" type="stmt" count="9"/>
        <line num="30" type="stmt" count="9"/>
        <line num="31" type="stmt" count="9"/>
        <line num="33" type="stmt" count="9"/>
        <metrics loc="36" ncloc="30" classes="1" methods="2" coveredmethods="2" conditionals="0" coveredconditionals="0" statements="6" coveredstatements="6" elements="8" coveredelements="8"/>
      </file>
      <file name="/app/src/PhpParser/Finder/ClassConstantFetchFinder.php">
        <class name="Rector\SwissKnife\PhpParser\Finder\ClassConstantFetchFinder" namespace="Rector\SwissKnife\PhpParser\Finder">
          <metrics complexity="8" methods="2" coveredmethods="2" conditionals="0" coveredconditionals="0" statements="16" coveredstatements="16" elements="18" coveredelements="18"/>
        </class>
        <line num="22" type="method" name="__construct" visibility="public" complexity="1" crap="1" count="15"/>
        <line num="26" type="stmt" count="15"/>
        <line num="32" type="method" name="find" visibility="public" complexity="7" crap="7" count="12"/>
        <line num="34" type="stmt" count="12"/>
        <line num="35" type="stmt" count="12"/>
        <line num="37" type="stmt" count="12"/>
        <line num="38" type="stmt" count="12"/>
        <line num="39" type="stmt" count="2"/>
        <line num="42" type="stmt" count="12"/>
        <line num="45" type="stmt" count="11"/>
        <line num="46" type="stmt" count="2"/>
        <line num="48" type="stmt" count="2"/>
        <line num="49" type="stmt" count="1"/>
        <line num="53" type="stmt" count="11"/>
        <line num="54" type="stmt" count="9"/>
        <line num="58" type="stmt" count="11"/>
        <line num="59" type="stmt" count="9"/>
        <line num="62" type="stmt" count="11"/>
        <metrics loc="65" ncloc="57" classes="1" methods="2" coveredmethods="2" conditionals="0" coveredconditionals="0" statements="16" coveredstatements="16" elements="18" coveredelements="18"/>
      </file>
    </package>
    <package name="Rector\SwissKnife\PhpParser\NodeFactory">
      <file name="/app/src/PhpParser/NodeFactory/SplitConfigClosureFactory.php">
        <class name="Rector\SwissKnife\PhpParser\NodeFactory\SplitConfigClosureFactory" namespace="Rector\SwissKnife\PhpParser\NodeFactory">
          <metrics complexity="1" methods="1" coveredmethods="1" conditionals="0" coveredconditionals="0" statements="9" coveredstatements="9" elements="10" coveredelements="10"/>
        </class>
        <line num="27" type="method" name="createStmts" visibility="public" complexity="1" crap="1" count="2"/>
        <line num="29" type="stmt" count="2"/>
        <line num="31" type="stmt" count="2"/>
        <line num="32" type="stmt" count="2"/>
        <line num="33" type="stmt" count="2"/>
        <line num="34" type="stmt" count="2"/>
        <line num="35" type="stmt" count="2"/>
        <line num="36" type="stmt" count="2"/>
        <line num="38" type="stmt" count="2"/>
        <line num="40" type="stmt" count="2"/>
        <metrics loc="43" ncloc="40" classes="1" methods="1" coveredmethods="1" conditionals="0" coveredconditionals="0" statements="9" coveredstatements="9" elements="10" coveredelements="10"/>
      </file>
    </package>
    <package name="Rector\SwissKnife\PhpParser\NodeVisitor">
      <file name="/app/src/PhpParser/NodeVisitor/AddImportConfigMethodCallNodeVisitor.php">
        <class name="Rector\SwissKnife\PhpParser\NodeVisitor\AddImportConfigMethodCallNodeVisitor" namespace="Rector\SwissKnife\PhpParser\NodeVisitor">
          <metrics complexity="4" methods="2" coveredmethods="2" conditionals="0" coveredconditionals="0" statements="10" coveredstatements="10" elements="12" coveredelements="12"/>
        </class>
        <line num="20" type="method" name="__construct" visibility="public" complexity="1" crap="1" count="3"/>
        <line num="23" type="stmt" count="3"/>
        <line num="25" type="method" name="enterNode" visibility="public" complexity="3" crap="3" count="3"/>
        <line num="27" type="stmt" count="3"/>
        <line num="28" type="stmt" count="2"/>
        <line num="31" type="stmt" count="3"/>
        <line num="32" type="stmt" count="1"/>
        <line num="35" type="stmt" count="2"/>
        <line num="36" type="stmt" count="2"/>
        <line num="38" type="stmt" count="2"/>
        <line num="39" type="stmt" count="2"/>
        <line num="41" type="stmt" count="2"/>
        <metrics loc="44" ncloc="44" classes="1" methods="2" coveredmethods="2" conditionals="0" coveredconditionals="0" statements="10" coveredstatements="10" elements="12" coveredelements="12"/>
      </file>
      <file name="/app/src/PhpParser/NodeVisitor/EntityClassNameCollectingNodeVisitor.php">
        <class name="Rector\SwissKnife\PhpParser\NodeVisitor\EntityClassNameCollectingNodeVisitor" namespace="Rector\SwissKnife\PhpParser\NodeVisitor">
          <metrics complexity="20" methods="6" coveredmethods="6" conditionals="0" coveredconditionals="0" statements="34" coveredstatements="34" elements="40" coveredelements="40"/>
        </class>
        <line num="31" type="method" name="enterNode" visibility="public" complexity="5" crap="5" count="11"/>
        <line num="33" type="stmt" count="11"/>
        <line num="34" type="stmt" count="11"/>
        <line num="38" type="stmt" count="11"/>
        <line num="39" type="stmt" count="11"/>
        <line num="40" type="stmt" count="1"/>
        <line num="43" type="stmt" count="11"/>
        <line num="44" type="stmt" count="4"/>
        <line num="45" type="stmt" count="4"/>
        <line num="48" type="stmt" count="7"/>
        <line num="54" type="method" name="getEntityClassNames" visibility="public" complexity="1" crap="1" count="11"/>
        <line num="56" type="stmt" count="11"/>
        <line num="57" type="stmt" count="11"/>
        <line num="59" type="stmt" count="11"/>
        <line num="65" type="method" name="hasDocBlockSuffixes" visibility="private" complexity="5" crap="5" count="11"/>
        <line num="67" type="stmt" count="11"/>
        <line num="69" type="stmt" count="11"/>
        <line num="70" type="stmt" count="11"/>
        <line num="72" type="stmt" count="4"/>
        <line num="73" type="stmt" count="1"/>
        <line num="76" type="stmt" count="3"/>
        <line num="77" type="stmt" count="3"/>
        <line num="78" type="stmt" count="3"/>
        <line num="83" type="stmt" count="9"/>
        <line num="89" type="method" name="hasAttributeSuffixes" visibility="private" complexity="5" crap="5" count="9"/>
        <line num="91" type="stmt" count="9"/>
        <line num="93" type="stmt" count="9"/>
        <line num="94" type="stmt" count="2"/>
        <line num="95" type="stmt" count="2"/>
        <line num="96" type="stmt" count="2"/>
        <line num="97" type="stmt" count="2"/>
        <line num="103" type="stmt" count="8"/>
        <line num="106" type="method" name="hasEntityAnnotation" visibility="private" complexity="2" crap="2" count="11"/>
        <line num="108" type="stmt" count="11"/>
        <line num="109" type="stmt" count="2"/>
        <line num="112" type="stmt" count="10"/>
        <line num="115" type="method" name="hasEntityAttribute" visibility="private" complexity="2" crap="2" count="9"/>
        <line num="117" type="stmt" count="9"/>
        <line num="118" type="stmt" count="1"/>
        <line num="121" type="stmt" count="8"/>
        <metrics loc="124" ncloc="104" classes="1" methods="6" coveredmethods="6" conditionals="0" coveredconditionals="0" statements="34" coveredstatements="34" elements="40" coveredelements="40"/>
      </file>
      <file name="/app/src/PhpParser/NodeVisitor/ExtractSymfonyExtensionCallNodeVisitor.php">
        <class name="Rector\SwissKnife\PhpParser\NodeVisitor\ExtractSymfonyExtensionCallNodeVisitor" namespace="Rector\SwissKnife\PhpParser\NodeVisitor">
          <metrics complexity="6" methods="2" coveredmethods="2" conditionals="0" coveredconditionals="0" statements="13" coveredstatements="13" elements="15" coveredelements="15"/>
        </class>
        <line num="22" type="method" name="enterNode" visibility="public" complexity="5" crap="5" count="5"/>
        <line num="24" type="stmt" count="5"/>
        <line num="25" type="stmt" count="5"/>
        <line num="28" type="stmt" count="5"/>
        <line num="29" type="stmt" count="1"/>
        <line num="32" type="stmt" count="5"/>
        <line num="33" type="stmt" count="5"/>
        <line num="34" type="stmt" count="1"/>
        <line num="37" type="stmt" count="4"/>
        <line num="38" type="stmt" count="4"/>
        <line num="39" type="stmt" count="2"/>
        <line num="42" type="stmt" count="3"/>
        <line num="44" type="stmt" count="3"/>
        <line num="50" type="method" name="getExtensionMethodCalls" visibility="public" complexity="1" crap="1" count="5"/>
        <line num="52" type="stmt" count="5"/>
        <metrics loc="55" ncloc="49" classes="1" methods="2" coveredmethods="2" conditionals="0" coveredconditionals="0" statements="13" coveredstatements="13" elements="15" coveredelements="15"/>
      </file>
      <file name="/app/src/PhpParser/NodeVisitor/FindClassConstFetchNodeVisitor.php">
        <class name="Rector\SwissKnife\PhpParser\NodeVisitor\FindClassConstFetchNodeVisitor" namespace="Rector\SwissKnife\PhpParser\NodeVisitor">
          <metrics complexity="33" methods="7" coveredmethods="7" conditionals="0" coveredconditionals="0" statements="68" coveredstatements="68" elements="75" coveredelements="75"/>
        </class>
        <line num="37" type="method" name="enterNode" visibility="public" complexity="18" crap="18" count="22"/>
        <line num="39" type="stmt" count="22"/>
        <line num="40" type="stmt" count="1"/>
        <line num="43" type="stmt" count="22"/>
        <line num="45" type="stmt" count="21"/>
        <line num="46" type="stmt" count="1"/>
        <line num="49" type="stmt" count="21"/>
        <line num="50" type="stmt" count="21"/>
        <line num="53" type="stmt" count="22"/>
        <line num="54" type="stmt" count="22"/>
        <line num="58" type="stmt" count="19"/>
        <line num="59" type="stmt" count="1"/>
        <line num="62" type="stmt" count="19"/>
        <line num="64" type="stmt" count="19"/>
        <line num="66" type="stmt" count="1"/>
        <line num="69" type="stmt" count="18"/>
        <line num="72" type="stmt" count="18"/>
        <line num="73" type="stmt" count="3"/>
        <line num="76" type="stmt" count="15"/>
        <line num="77" type="stmt" count="11"/>
        <line num="79" type="stmt" count="11"/>
        <line num="80" type="stmt" count="10"/>
        <line num="81" type="stmt" count="7"/>
        <line num="82" type="stmt" count="7"/>
        <line num="86" type="stmt" count="3"/>
        <line num="87" type="stmt" count="3"/>
        <line num="88" type="stmt" count="3"/>
        <line num="89" type="stmt" count="1"/>
        <line num="93" type="stmt" count="1"/>
        <line num="94" type="stmt" count="1"/>
        <line num="97" type="stmt" count="9"/>
        <line num="98" type="stmt" count="2"/>
        <line num="100" type="stmt" count="2"/>
        <line num="102" type="stmt" count="2"/>
        <line num="103" type="stmt" count="1"/>
        <line num="104" type="stmt" count="1"/>
        <line num="107" type="stmt" count="1"/>
        <line num="108" type="stmt" count="1"/>
        <line num="111" type="stmt" count="8"/>
        <line num="113" type="stmt" count="5"/>
        <line num="114" type="stmt" count="1"/>
        <line num="118" type="stmt" count="5"/>
        <line num="119" type="stmt" count="5"/>
        <line num="122" type="stmt" count="3"/>
        <line num="125" type="method" name="leaveNode" visibility="public" complexity="2" crap="2" count="22"/>
        <line num="127" type="stmt" count="22"/>
        <line num="128" type="stmt" count="22"/>
        <line num="132" type="stmt" count="17"/>
        <line num="133" type="stmt" count="17"/>
        <line num="139" type="method" name="getClassConstantFetches" visibility="public" complexity="1" crap="1" count="19"/>
        <line num="141" type="stmt" count="19"/>
        <line num="144" type="method" name="isVendorClassName" visibility="private" complexity="2" crap="2" count="7"/>
        <line num="146" type="stmt" count="7"/>
        <line num="147" type="stmt" count="1"/>
        <line num="150" type="stmt" count="6"/>
        <line num="151" type="stmt" count="6"/>
        <line num="154" type="method" name="isCurrentClassConstant" visibility="private" complexity="4" crap="4" count="10"/>
        <line num="156" type="stmt" count="10"/>
        <line num="157" type="stmt" count="8"/>
        <line num="158" type="stmt" count="8"/>
        <line num="159" type="stmt" count="8"/>
        <line num="164" type="stmt" count="3"/>
        <line num="167" type="method" name="getClassName" visibility="private" complexity="3" crap="3" count="12"/>
        <line num="169" type="stmt" count="12"/>
        <line num="170" type="stmt" count="1"/>
        <line num="173" type="stmt" count="11"/>
        <line num="174" type="stmt" count="11"/>
        <line num="175" type="stmt" count="1"/>
        <line num="178" type="stmt" count="10"/>
        <line num="181" type="method" name="doesClassExist" visibility="private" complexity="3" crap="3" count="11"/>
        <line num="183" type="stmt" count="11"/>
        <line num="184" type="stmt" count="6"/>
        <line num="187" type="stmt" count="6"/>
        <line num="188" type="stmt" count="1"/>
        <line num="191" type="stmt" count="5"/>
        <metrics loc="194" ncloc="180" classes="1" methods="7" coveredmethods="7" conditionals="0" coveredconditionals="0" statements="68" coveredstatements="68" elements="75" coveredelements="75"/>
      </file>
      <file name="/app/src/PhpParser/NodeVisitor/FindNonPrivateClassConstNodeVisitor.php">
        <class name="Rector\SwissKnife\PhpParser\NodeVisitor\FindNonPrivateClassConstNodeVisitor" namespace="Rector\SwissKnife\PhpParser\NodeVisitor">
          <metrics complexity="15" methods="4" coveredmethods="4" conditionals="0" coveredconditionals="0" statements="26" coveredstatements="26" elements="30" coveredelements="30"/>
        </class>
        <line num="22" type="method" name="enterNode" visibility="public" complexity="8" crap="8" count="10"/>
        <line num="24" type="stmt" count="10"/>
        <line num="25" type="stmt" count="10"/>
        <line num="28" type="stmt" count="10"/>
        <line num="29" type="stmt" count="1"/>
        <line num="32" type="stmt" count="9"/>
        <line num="34" type="stmt" count="9"/>
        <line num="35" type="stmt" count="9"/>
        <line num="36" type="stmt" count="8"/>
        <line num="37" type="stmt" count="8"/>
        <line num="40" type="stmt" count="8"/>
        <line num="41" type="stmt" count="2"/>
        <line num="44" type="stmt" count="8"/>
        <line num="45" type="stmt" count="2"/>
        <line num="48" type="stmt" count="7"/>
        <line num="52" type="stmt" count="9"/>
        <line num="58" type="method" name="getClassConstants" visibility="public" complexity="1" crap="1" count="10"/>
        <line num="60" type="stmt" count="10"/>
        <line num="63" type="method" name="isConstantDefinedInParentClassAlso" visibility="private" complexity="5" crap="5" count="8"/>
        <line num="65" type="stmt" count="8"/>
        <line num="66" type="stmt" count="1"/>
        <line num="67" type="stmt" count="1"/>
        <line num="68" type="stmt" count="1"/>
        <line num="72" type="stmt" count="7"/>
        <line num="73" type="stmt" count="1"/>
        <line num="74" type="stmt" count="1"/>
        <line num="78" type="stmt" count="6"/>
        <line num="84" type="method" name="getClassConstantNames" visibility="private" complexity="1" crap="1" count="2"/>
        <line num="86" type="stmt" count="2"/>
        <line num="88" type="stmt" count="2"/>
        <metrics loc="91" ncloc="81" classes="1" methods="4" coveredmethods="4" conditionals="0" coveredconditionals="0" statements="26" coveredstatements="26" elements="30" coveredelements="30"/>
      </file>
[...]
        <line num="97" type="stmt" count="4"/>
        <line num="99" type="stmt" count="4"/>
        <line num="100" type="stmt" count="4"/>
        <line num="101" type="stmt" count="3"/>
        <line num="104" type="stmt" count="3"/>
        <line num="105" type="stmt" count="3"/>
        <line num="110" type="stmt" count="4"/>
        <line num="111" type="stmt" count="1"/>
        <line num="115" type="stmt" count="4"/>
        <line num="117" type="stmt" count="4"/>
        <metrics loc="120" ncloc="95" classes="1" methods="2" coveredmethods="2" conditionals="0" coveredconditionals="0" statements="43" coveredstatements="43" elements="45" coveredelements="45"/>
      </file>
      <file name="/app/src/Testing/PHPUnitMocker.php">
        <class name="Rector\SwissKnife\Testing\PHPUnitMocker" namespace="Rector\SwissKnife\Testing">
          <metrics complexity="1" methods="1" coveredmethods="1" conditionals="0" coveredconditionals="0" statements="1" coveredstatements="1" elements="2" coveredelements="2"/>
        </class>
        <line num="18" type="method" name="create" visibility="public" complexity="1" crap="1" count="5"/>
        <line num="20" type="stmt" count="5"/>
        <metrics loc="23" ncloc="17" classes="1" methods="1" coveredmethods="1" conditionals="0" coveredconditionals="0" statements="1" coveredstatements="1" elements="2" coveredelements="2"/>
      </file>
      <file name="/app/src/Testing/UnitTestFilePathsFinder.php">
        <class name="Rector\SwissKnife\Testing\UnitTestFilePathsFinder" namespace="Rector\SwissKnife\Testing">
          <metrics complexity="2" methods="2" coveredmethods="2" conditionals="0" coveredconditionals="0" statements="3" coveredstatements="3" elements="5" coveredelements="5"/>
        </class>
        <line num="14" type="method" name="__construct" visibility="public" complexity="1" crap="1" count="5"/>
        <line num="18" type="stmt" count="5"/>
        <line num="24" type="method" name="findInDirectories" visibility="public" complexity="1" crap="1" count="3"/>
        <line num="26" type="stmt" count="3"/>
        <line num="28" type="stmt" count="3"/>
        <metrics loc="31" ncloc="24" classes="1" methods="2" coveredmethods="2" conditionals="0" coveredconditionals="0" statements="3" coveredstatements="3" elements="5" coveredelements="5"/>
      </file>
      <file name="/app/src/Testing/UnitTestFilter.php">
        <class name="Rector\SwissKnife\Testing\UnitTestFilter" namespace="Rector\SwissKnife\Testing">
          <metrics complexity="6" methods="2" coveredmethods="2" conditionals="0" coveredconditionals="0" statements="7" coveredstatements="7" elements="9" coveredelements="9"/>
        </class>
        <line num="23" type="method" name="filter" visibility="public" complexity="1" crap="1" count="6"/>
        <line num="25" type="stmt" count="6"/>
        <line num="28" type="method" name="isUnitTest" visibility="private" complexity="5" crap="5" count="5"/>
        <line num="30" type="stmt" count="5"/>
        <line num="31" type="stmt" count="2"/>
        <line num="34" type="stmt" count="5"/>
        <line num="36" type="stmt" count="5"/>
        <line num="37" type="stmt" count="3"/>
        <line num="41" type="stmt" count="5"/>
        <metrics loc="44" ncloc="36" classes="1" methods="2" coveredmethods="2" conditionals="0" coveredconditionals="0" statements="7" coveredstatements="7" elements="9" coveredelements="9"/>
      </file>
    </package>
    <package name="Rector\SwissKnife\Testing\Printer">
      <file name="/app/src/Testing/Printer/PHPUnitXmlPrinter.php">
        <class name="Rector\SwissKnife\Testing\Printer\PHPUnitXmlPrinter" namespace="Rector\SwissKnife\Testing\Printer">
          <metrics complexity="2" methods="1" coveredmethods="1" conditionals="0" coveredconditionals="0" statements="5" coveredstatements="5" elements="6" coveredelements="6"/>
        </class>
        <line num="16" type="method" name="printFiles" visibility="public" complexity="2" crap="2" count="2"/>
        <line num="18" type="stmt" count="2"/>
        <line num="19" type="stmt" count="2"/>
        <line num="20" type="stmt" count="2"/>
        <line num="21" type="stmt" count="2"/>
        <line num="24" type="stmt" count="2"/>
        <metrics loc="27" ncloc="22" classes="1" methods="1" coveredmethods="1" conditionals="0" coveredconditionals="0" statements="5" coveredstatements="5" elements="6" coveredelements="6"/>
      </file>
    </package>
    <package name="Rector\SwissKnife\Traits">
      <file name="/app/src/Traits/TraitSpotter.php">
        <class name="Rector\SwissKnife\Traits\TraitSpotter" namespace="Rector\SwissKnife\Traits">
          <metrics complexity="9" methods="3" coveredmethods="3" conditionals="0" coveredconditionals="0" statements="20" coveredstatements="20" elements="23" coveredelements="23"/>
        </class>
        <line num="17" type="method" name="__construct" visibility="public" complexity="1" crap="1" count="5"/>
        <line num="20" type="stmt" count="5"/>
        <line num="25" type="method" name="analyse" visibility="public" complexity="5" crap="5" count="4"/>
        <line num="27" type="stmt" count="4"/>
        <line num="29" type="stmt" count="4"/>
        <line num="31" type="stmt" count="4"/>
        <line num="32" type="stmt" count="3"/>
        <line num="34" type="stmt" count="3"/>
        <line num="37" type="stmt" count="4"/>
        <line num="39" type="stmt" count="4"/>
        <line num="40" type="stmt" count="3"/>
        <line num="42" type="stmt" count="3"/>
        <line num="43" type="stmt" count="3"/>
        <line num="46" type="stmt" count="3"/>
        <line num="47" type="stmt" count="3"/>
        <line num="48" type="stmt" count="1"/>
        <line num="51" type="stmt" count="3"/>
        <line num="55" type="stmt" count="4"/>
        <line num="61" type="method" name="matchTraitByShortName" visibility="private" complexity="3" crap="3" count="3"/>
        <line num="63" type="stmt" count="3"/>
        <line num="64" type="stmt" count="3"/>
        <line num="65" type="stmt" count="3"/>
        <line num="69" type="stmt" count="1"/>
        <metrics loc="72" ncloc="62" classes="1" methods="3" coveredmethods="3" conditionals="0" coveredconditionals="0" statements="20" coveredstatements="20" elements="23" coveredelements="23"/>
      </file>
    </package>
    <package name="Rector\SwissKnife\Twig">
      <file name="/app/src/Twig/TwigTemplateConstantExtractor.php">
        <class name="Rector\SwissKnife\Twig\TwigTemplateConstantExtractor" namespace="Rector\SwissKnife\Twig">
          <metrics complexity="5" methods="2" coveredmethods="2" conditionals="0" coveredconditionals="0" statements="17" coveredstatements="17" elements="19" coveredelements="19"/>
        </class>
        <line num="22" type="method" name="extractFromDirs" visibility="public" complexity="2" crap="2" count="7"/>
        <line num="24" type="stmt" count="7"/>
        <line num="26" type="stmt" count="7"/>
        <line num="27" type="stmt" count="7"/>
        <line num="28" type="stmt" count="1"/>
        <line num="30" type="stmt" count="1"/>
        <line num="33" type="stmt" count="7"/>
        <line num="39" type="method" name="findClassConstantFetchesInFile" visibility="private" complexity="3" crap="3" count="1"/>
        <line num="41" type="stmt" count="1"/>
        <line num="43" type="stmt" count="1"/>
        <line num="45" type="stmt" count="1"/>
        <line num="46" type="stmt" count="1"/>
        <line num="47" type="stmt" count="1"/>
        <line num="50" type="stmt" count="1"/>
        <line num="51" type="stmt" count="1"/>
        <line num="54" type="stmt" count="1"/>
        <line num="55" type="stmt" count="1"/>
        <line num="57" type="stmt" count="1"/>
        <line num="60" type="stmt" count="1"/>
        <metrics loc="63" ncloc="52" classes="1" methods="2" coveredmethods="2" conditionals="0" coveredconditionals="0" statements="17" coveredstatements="17" elements="19" coveredelements="19"/>
      </file>
    </package>
    <package name="Rector\SwissKnife\ValueObject">
      <file name="/app/src/ValueObject/ClassConstant.php">
        <class name="Rector\SwissKnife\ValueObject\ClassConstant" namespace="Rector\SwissKnife\ValueObject">
          <metrics complexity="3" methods="3" coveredmethods="3" conditionals="0" coveredconditionals="0" statements="4" coveredstatements="4" elements="7" coveredelements="7"/>
        </class>
        <line num="14" type="method" name="__construct" visibility="public" complexity="1" crap="1" count="15"/>
        <line num="18" type="stmt" count="15"/>
        <line num="19" type="stmt" count="14"/>
        <line num="22" type="method" name="getClassName" visibility="public" complexity="1" crap="1" count="10"/>
        <line num="24" type="stmt" count="10"/>
        <line num="27" type="method" name="getConstantName" visibility="public" complexity="1" crap="1" count="12"/>
        <line num="29" type="stmt" count="12"/>
        <metrics loc="32" ncloc="29" classes="1" methods="3" coveredmethods="3" conditionals="0" coveredconditionals="0" statements="4" coveredstatements="4" elements="7" coveredelements="7"/>
      </file>
      <file name="/app/src/ValueObject/VisibilityChangeStats.php">
        <class name="Rector\SwissKnife\ValueObject\VisibilityChangeStats" namespace="Rector\SwissKnife\ValueObject">
          <metrics complexity="4" methods="4" coveredmethods="4" conditionals="0" coveredconditionals="0" statements="4" coveredstatements="4" elements="8" coveredelements="8"/>
        </class>
        <line num="11" type="method" name="countPrivate" visibility="public" complexity="1" crap="1" count="5"/>
        <line num="13" type="stmt" count="5"/>
        <line num="16" type="method" name="getPrivateCount" visibility="public" complexity="1" crap="1" count="7"/>
        <line num="18" type="stmt" count="7"/>
        <line num="21" type="method" name="merge" visibility="public" complexity="1" crap="1" count="7"/>
        <line num="23" type="stmt" count="7"/>
        <line num="26" type="method" name="hasAnyChange" visibility="public" complexity="1" crap="1" count="7"/>
        <line num="28" type="stmt" count="7"/>
        <metrics loc="31" ncloc="31" classes="1" methods="4" coveredmethods="4" conditionals="0" coveredconditionals="0" statements="4" coveredstatements="4" elements="8" coveredelements="8"/>
      </file>
    </package>
    <package name="Rector\SwissKnife\ValueObject\ClassConstantFetch">
      <file name="/app/src/ValueObject/ClassConstantFetch/AbstractClassConstantFetch.php">
        <class name="Rector\SwissKnife\ValueObject\ClassConstantFetch\AbstractClassConstantFetch" namespace="Rector\SwissKnife\ValueObject\ClassConstantFetch">
          <metrics complexity="5" methods="4" coveredmethods="4" conditionals="0" coveredconditionals="0" statements="6" coveredstatements="6" elements="10" coveredelements="10"/>
        </class>
        <line num="12" type="method" name="__construct" visibility="public" complexity="1" crap="1" count="17"/>
        <line num="16" type="stmt" count="17"/>
        <line num="18" type="method" name="getClassName" visibility="public" complexity="1" crap="1" count="5"/>
        <line num="20" type="stmt" count="5"/>
        <line num="23" type="method" name="getConstantName" visibility="public" complexity="1" crap="1" count="5"/>
        <line num="25" type="stmt" count="5"/>
        <line num="28" type="method" name="isClassConstantMatch" visibility="public" complexity="2" crap="2" count="9"/>
        <line num="30" type="stmt" count="9"/>
        <line num="31" type="stmt" count="4"/>
        <line num="34" type="stmt" count="9"/>
        <metrics loc="37" ncloc="37" classes="1" methods="4" coveredmethods="4" conditionals="0" coveredconditionals="0" statements="6" coveredstatements="6" elements="10" coveredelements="10"/>
      </file>
      <file name="/app/src/ValueObject/ClassConstantFetch/CurrentClassConstantFetch.php">
        <class name="Rector\SwissKnife\ValueObject\ClassConstantFetch\CurrentClassConstantFetch" namespace="Rector\SwissKnife\ValueObject\ClassConstantFetch">
          <metrics complexity="0" methods="0" coveredmethods="0" conditionals="0" coveredconditionals="0" statements="0" coveredstatements="0" elements="0" coveredelements="0"/>
        </class>
        <metrics loc="10" ncloc="10" classes="0" methods="0" coveredmethods="0" conditionals="0" coveredconditionals="0" statements="0" coveredstatements="0" elements="0" coveredelements="0"/>
      </file>
      <file name="/app/src/ValueObject/ClassConstantFetch/ExternalClassAccessConstantFetch.php">
        <class name="Rector\SwissKnife\ValueObject\ClassConstantFetch\ExternalClassAccessConstantFetch" namespace="Rector\SwissKnife\ValueObject\ClassConstantFetch">
          <metrics complexity="0" methods="0" coveredmethods="0" conditionals="0" coveredconditionals="0" statements="0" coveredstatements="0" elements="0" coveredelements="0"/>
        </class>
        <metrics loc="10" ncloc="10" classes="0" methods="0" coveredmethods="0" conditionals="0" coveredconditionals="0" statements="0" coveredstatements="0" elements="0" coveredelements="0"/>
      </file>
      <file name="/app/src/ValueObject/ClassConstantFetch/ParentClassConstantFetch.php">
        <class name="Rector\SwissKnife\ValueObject\ClassConstantFetch\ParentClassConstantFetch" namespace="Rector\SwissKnife\ValueObject\ClassConstantFetch">
          <metrics complexity="0" methods="0" coveredmethods="0" conditionals="0" coveredconditionals="0" statements="0" coveredstatements="0" elements="0" coveredelements="0"/>
        </class>
        <metrics loc="10" ncloc="10" classes="0" methods="0" coveredmethods="0" conditionals="0" coveredconditionals="0" statements="0" coveredstatements="0" elements="0" coveredelements="0"/>
      </file>
      <file name="/app/src/ValueObject/ClassConstantFetch/StaticClassConstantFetch.php">
        <class name="Rector\SwissKnife\ValueObject\ClassConstantFetch\StaticClassConstantFetch" namespace="Rector\SwissKnife\ValueObject\ClassConstantFetch">
          <metrics complexity="0" methods="0" coveredmethods="0" conditionals="0" coveredconditionals="0" statements="0" coveredstatements="0" elements="0" coveredelements="0"/>
        </class>
        <metrics loc="10" ncloc="10" classes="0" methods="0" coveredmethods="0" conditionals="0" coveredconditionals="0" statements="0" coveredstatements="0" elements="0" coveredelements="0"/>
      </file>
    </package>
    <package name="Rector\SwissKnife\ValueObject\Traits">
      <file name="/app/src/ValueObject/Traits/TraitMetadata.php">
        <class name="Rector\SwissKnife\ValueObject\Traits\TraitMetadata" namespace="Rector\SwissKnife\ValueObject\Traits">
          <metrics complexity="7" methods="7" coveredmethods="7" conditionals="0" coveredconditionals="0" statements="7" coveredstatements="7" elements="14" coveredelements="14"/>
        </class>
        <line num="18" type="method" name="__construct" visibility="public" complexity="1" crap="1" count="4"/>
        <line num="22" type="stmt" count="4"/>
        <line num="25" type="method" name="getShortTraitName" visibility="public" complexity="1" crap="1" count="4"/>
        <line num="27" type="stmt" count="4"/>
        <line num="30" type="method" name="getFilePath" visibility="public" complexity="1" crap="1" count="2"/>
        <line num="32" type="stmt" count="2"/>
        <line num="35" type="method" name="markUsedIn" visibility="public" complexity="1" crap="1" count="4"/>
        <line num="37" type="stmt" count="4"/>
        <line num="43" type="method" name="getUsedIn" visibility="public" complexity="1" crap="1" count="2"/>
        <line num="45" type="stmt" count="2"/>
        <line num="48" type="method" name="getUsedInCount" visibility="public" complexity="1" crap="1" count="3"/>
        <line num="50" type="stmt" count="3"/>
        <line num="53" type="method" name="getLineCount" visibility="public" complexity="1" crap="1" count="2"/>
        <line num="55" type="stmt" count="2"/>
        <metrics loc="58" ncloc="52" classes="1" methods="7" coveredmethods="7" conditionals="0" coveredconditionals="0" statements="7" coveredstatements="7" elements="14" coveredelements="14"/>
      </file>
      <file name="/app/src/ValueObject/Traits/TraitSpottingResult.php">
        <class name="Rector\SwissKnife\ValueObject\Traits\TraitSpottingResult" namespace="Rector\SwissKnife\ValueObject\Traits">
          <metrics complexity="8" methods="4" coveredmethods="4" conditionals="0" coveredconditionals="0" statements="15" coveredstatements="15" elements="19" coveredelements="19"/>
        </class>
        <line num="12" type="method" name="__construct" visibility="public" complexity="1" crap="1" count="5"/>
        <line num="15" type="stmt" count="5"/>
        <line num="17" type="method" name="getTraitCount" visibility="public" complexity="1" crap="1" count="5"/>
        <line num="19" type="stmt" count="5"/>
        <line num="25" type="method" name="getTraitMaximumUsedTimes" visibility="public" complexity="4" crap="4" count="3"/>
        <line num="27" type="stmt" count="3"/>
        <line num="29" type="stmt" count="3"/>
        <line num="31" type="stmt" count="3"/>
        <line num="32" type="stmt" count="3"/>
        <line num="36" type="stmt" count="3"/>
        <line num="37" type="stmt" count="1"/>
        <line num="40" type="stmt" count="3"/>
        <line num="43" type="stmt" count="3"/>
        <line num="49" type="method" name="getTraitFilePaths" visibility="public" complexity="2" crap="2" count="2"/>
        <line num="51" type="stmt" count="2"/>
        <line num="53" type="stmt" count="2"/>
        <line num="54" type="stmt" count="2"/>
        <line num="57" type="stmt" count="2"/>
        <line num="59" type="stmt" count="2"/>
        <metrics loc="62" ncloc="51" classes="1" methods="4" coveredmethods="4" conditionals="0" coveredconditionals="0" statements="15" coveredstatements="15" elements="19" coveredelements="19"/>
      </file>
    </package>
    <package name="Rector\SwissKnife\YAML">
      <file name="/app/src/YAML/YamlConfigConstantExtractor.php">
        <class name="Rector\SwissKnife\YAML\YamlConfigConstantExtractor" namespace="Rector\SwissKnife\YAML">
          <metrics complexity="4" methods="2" coveredmethods="2" conditionals="0" coveredconditionals="0" statements="15" coveredstatements="15" elements="17" coveredelements="17"/>
        </class>
        <line num="22" type="method" name="extractFromDirs" visibility="public" complexity="2" crap="2" count="7"/>
        <line num="24" type="stmt" count="7"/>
        <line num="26" type="stmt" count="7"/>
        <line num="27" type="stmt" count="7"/>
        <line num="28" type="stmt" count="1"/>
        <line num="30" type="stmt" count="1"/>
        <line num="33" type="stmt" count="7"/>
        <line num="39" type="method" name="findClassConstantFetchesInFile" visibility="private" complexity="2" crap="2" count="1"/>
        <line num="41" type="stmt" count="1"/>
        <line num="44" type="stmt" count="1"/>
        <line num="46" type="stmt" count="1"/>
        <line num="47" type="stmt" count="1"/>
        <line num="48" type="stmt" count="1"/>
        <line num="49" type="stmt" count="1"/>
        <line num="50" type="stmt" count="1"/>
        <line num="51" type="stmt" count="1"/>
        <line num="54" type="stmt" count="1"/>
        <metrics loc="57" ncloc="46" classes="1" methods="2" coveredmethods="2" conditionals="0" coveredconditionals="0" statements="15" coveredstatements="15" elements="17" coveredelements="17"/>
      </file>
    </package>
    <metrics files="71" loc="4154" ncloc="3667" classes="61" methods="187" coveredmethods="187" conditionals="0" coveredconditionals="0" statements="1164" coveredstatements="1164" elements="1351" coveredelements="1351"/>
  </project>
</coverage>
